<?xml version="1.0" encoding="UTF-8"?>
<robot generator="Robot 5.0.1 (Python 3.8.10 on linux)" generated="20220924 18:22:19.468" rpa="false" schemaversion="3">
<suite id="s1" name="Close" source="/home/goh/Desktop/QA/QA Day 8 Project/Close Account/close.robot">
<test id="s1-t1" name="Login to Deriv" line="8">
<kw name="Login" library="resources">
<kw name="Open Browser" library="SeleniumLibrary">
<arg>https://app.deriv.com/</arg>
<arg>chrome</arg>
<doc>Opens a new browser instance to the optional ``url``.</doc>
<msg timestamp="20220924 18:22:19.633" level="INFO">Opening browser 'chrome' to base url 'https://app.deriv.com/'.</msg>
<status status="PASS" starttime="20220924 18:22:19.632" endtime="20220924 18:22:23.437"/>
</kw>
<kw name="Maximize Browser Window" library="SeleniumLibrary">
<doc>Maximizes current browser window.</doc>
<status status="PASS" starttime="20220924 18:22:23.437" endtime="20220924 18:22:23.557"/>
</kw>
<kw name="Wait Until Page Contains Element" library="SeleniumLibrary">
<arg>${rise button}</arg>
<arg>30</arg>
<doc>Waits until the element ``locator`` appears on the current page.</doc>
<status status="PASS" starttime="20220924 18:22:23.557" endtime="20220924 18:22:26.374"/>
</kw>
<kw name="Click Element" library="SeleniumLibrary">
<arg>dt_login_button</arg>
<doc>Click the element identified by ``locator``.</doc>
<msg timestamp="20220924 18:22:26.375" level="INFO">Clicking element 'dt_login_button'.</msg>
<status status="PASS" starttime="20220924 18:22:26.375" endtime="20220924 18:22:28.516"/>
</kw>
<kw name="Wait Until Page Contains Element" library="SeleniumLibrary">
<arg>${email field}</arg>
<arg>10</arg>
<doc>Waits until the element ``locator`` appears on the current page.</doc>
<status status="PASS" starttime="20220924 18:22:28.516" endtime="20220924 18:22:28.525"/>
</kw>
<kw name="Input Text" library="SeleniumLibrary">
<arg>${email field}</arg>
<arg>si.yu@besquare.com.my</arg>
<doc>Types the given ``text`` into the text field identified by ``locator``.</doc>
<msg timestamp="20220924 18:22:28.526" level="INFO">Typing text 'si.yu@besquare.com.my' into text field '//input[@type='email']'.</msg>
<status status="PASS" starttime="20220924 18:22:28.525" endtime="20220924 18:22:28.610"/>
</kw>
<kw name="Input Text" library="SeleniumLibrary">
<arg>//input[@type='password']</arg>
<arg>DerivPassWord123</arg>
<doc>Types the given ``text`` into the text field identified by ``locator``.</doc>
<msg timestamp="20220924 18:22:28.611" level="INFO">Typing text 'DerivPassWord123' into text field '//input[@type='password']'.</msg>
<status status="PASS" starttime="20220924 18:22:28.610" endtime="20220924 18:22:28.670"/>
</kw>
<kw name="Click Element" library="SeleniumLibrary">
<arg>//button[@type='submit']</arg>
<doc>Click the element identified by ``locator``.</doc>
<msg timestamp="20220924 18:22:28.671" level="INFO">Clicking element '//button[@type='submit']'.</msg>
<status status="PASS" starttime="20220924 18:22:28.670" endtime="20220924 18:22:30.672"/>
</kw>
<kw name="Wait Until Page Does Not Contain Element" library="SeleniumLibrary">
<arg>${loading interface}</arg>
<arg>30</arg>
<doc>Waits until the element ``locator`` disappears from the current page.</doc>
<status status="PASS" starttime="20220924 18:22:30.672" endtime="20220924 18:22:33.387"/>
</kw>
<status status="PASS" starttime="20220924 18:22:19.632" endtime="20220924 18:22:33.387"/>
</kw>
<status status="PASS" starttime="20220924 18:22:19.631" endtime="20220924 18:22:33.387"/>
</test>
<test id="s1-t2" name="Navigate to Page" line="11">
<kw name="Navigate to Close Account Page" library="resources">
<kw name="Click Element" library="SeleniumLibrary">
<arg>//*[@class="account-settings-toggle"]</arg>
<doc>Click the element identified by ``locator``.</doc>
<msg timestamp="20220924 18:22:33.390" level="INFO">Clicking element '//*[@class="account-settings-toggle"]'.</msg>
<status status="PASS" starttime="20220924 18:22:33.389" endtime="20220924 18:22:33.908"/>
</kw>
<kw name="Wait Until Page Contains Element" library="SeleniumLibrary">
<arg>/account/closing-account</arg>
<arg>30</arg>
<doc>Waits until the element ``locator`` appears on the current page.</doc>
<status status="PASS" starttime="20220924 18:22:33.909" endtime="20220924 18:22:34.296"/>
</kw>
<kw name="Click Element" library="SeleniumLibrary">
<arg>/account/closing-account</arg>
<doc>Click the element identified by ``locator``.</doc>
<msg timestamp="20220924 18:22:34.297" level="INFO">Clicking element '/account/closing-account'.</msg>
<status status="PASS" starttime="20220924 18:22:34.297" endtime="20220924 18:22:34.564"/>
</kw>
<kw name="Wait Until Page Contains Element" library="SeleniumLibrary">
<arg>//*[@class="dc-text closing-account__title"]</arg>
<arg>30</arg>
<doc>Waits until the element ``locator`` appears on the current page.</doc>
<status status="PASS" starttime="20220924 18:22:34.564" endtime="20220924 18:22:34.578"/>
</kw>
<status status="PASS" starttime="20220924 18:22:33.389" endtime="20220924 18:22:34.578"/>
</kw>
<status status="PASS" starttime="20220924 18:22:33.388" endtime="20220924 18:22:34.578"/>
</test>
<test id="s1-t3" name="Test Buttons on Page 1" line="14">
<kw name="Click Cancel" library="resources">
<kw name="Click Element" library="SeleniumLibrary">
<arg>//*[@class="dc-btn dc-btn--secondary dc-btn__large closing-account__button--cancel"]</arg>
<doc>Click the element identified by ``locator``.</doc>
<msg timestamp="20220924 18:22:34.581" level="INFO">Clicking element '//*[@class="dc-btn dc-btn--secondary dc-btn__large closing-account__button--cancel"]'.</msg>
<status status="PASS" starttime="20220924 18:22:34.581" endtime="20220924 18:22:35.012"/>
</kw>
<kw name="Wait Until Page Contains Element" library="SeleniumLibrary">
<arg>${rise button}</arg>
<arg>30</arg>
<doc>Waits until the element ``locator`` appears on the current page.</doc>
<status status="PASS" starttime="20220924 18:22:35.012" endtime="20220924 18:22:35.262"/>
</kw>
<status status="PASS" starttime="20220924 18:22:34.580" endtime="20220924 18:22:35.262"/>
</kw>
<kw name="Navigate to Close Account Page" library="resources">
<kw name="Click Element" library="SeleniumLibrary">
<arg>//*[@class="account-settings-toggle"]</arg>
<doc>Click the element identified by ``locator``.</doc>
<msg timestamp="20220924 18:22:35.263" level="INFO">Clicking element '//*[@class="account-settings-toggle"]'.</msg>
<status status="PASS" starttime="20220924 18:22:35.262" endtime="20220924 18:22:35.439"/>
</kw>
<kw name="Wait Until Page Contains Element" library="SeleniumLibrary">
<arg>/account/closing-account</arg>
<arg>30</arg>
<doc>Waits until the element ``locator`` appears on the current page.</doc>
<status status="PASS" starttime="20220924 18:22:35.440" endtime="20220924 18:22:35.449"/>
</kw>
<kw name="Click Element" library="SeleniumLibrary">
<arg>/account/closing-account</arg>
<doc>Click the element identified by ``locator``.</doc>
<msg timestamp="20220924 18:22:35.449" level="INFO">Clicking element '/account/closing-account'.</msg>
<status status="PASS" starttime="20220924 18:22:35.449" endtime="20220924 18:22:35.562"/>
</kw>
<kw name="Wait Until Page Contains Element" library="SeleniumLibrary">
<arg>//*[@class="dc-text closing-account__title"]</arg>
<arg>30</arg>
<doc>Waits until the element ``locator`` appears on the current page.</doc>
<status status="PASS" starttime="20220924 18:22:35.562" endtime="20220924 18:22:35.575"/>
</kw>
<status status="PASS" starttime="20220924 18:22:35.262" endtime="20220924 18:22:35.576"/>
</kw>
<kw name="Click Hyperlink" library="resources">
<kw name="Click Element" library="SeleniumLibrary">
<arg>//*[@class="link" and contains(.,'Security and privacy policy')]</arg>
<doc>Click the element identified by ``locator``.</doc>
<msg timestamp="20220924 18:22:35.576" level="INFO">Clicking element '//*[@class="link" and contains(.,'Security and privacy policy')]'.</msg>
<status status="PASS" starttime="20220924 18:22:35.576" endtime="20220924 18:22:35.778"/>
</kw>
<kw name="Go To" library="SeleniumLibrary">
<arg>https://deriv.com/tnc/security-and-privacy.pdf</arg>
<doc>Navigates the current browser window to the provided ``url``.</doc>
<msg timestamp="20220924 18:22:35.778" level="INFO">Opening url 'https://deriv.com/tnc/security-and-privacy.pdf'</msg>
<status status="PASS" starttime="20220924 18:22:35.778" endtime="20220924 18:22:35.916"/>
</kw>
<kw name="Wait Until Location Is" library="SeleniumLibrary">
<arg>https://deriv.com/tnc/security-and-privacy.pdf</arg>
<doc>Waits until the current URL is ``expected``.</doc>
<status status="PASS" starttime="20220924 18:22:35.916" endtime="20220924 18:22:35.936"/>
</kw>
<status status="PASS" starttime="20220924 18:22:35.576" endtime="20220924 18:22:35.936"/>
</kw>
<kw name="Go To" library="SeleniumLibrary">
<arg>https://app.deriv.com/account/closing-account</arg>
<doc>Navigates the current browser window to the provided ``url``.</doc>
<msg timestamp="20220924 18:22:35.936" level="INFO">Opening url 'https://app.deriv.com/account/closing-account'</msg>
<status status="PASS" starttime="20220924 18:22:35.936" endtime="20220924 18:22:36.936"/>
</kw>
<kw name="Click &quot;Close my account&quot; Button" library="resources">
<kw name="Click Element" library="SeleniumLibrary">
<arg>//*[@class="dc-btn dc-btn--primary dc-btn__large closing-account__button--close-account"]</arg>
<doc>Click the element identified by ``locator``.</doc>
<msg timestamp="20220924 18:22:36.937" level="INFO">Clicking element '//*[@class="dc-btn dc-btn--primary dc-btn__large closing-account__button--close-account"]'.</msg>
<status status="PASS" starttime="20220924 18:22:36.937" endtime="20220924 18:22:37.023"/>
</kw>
<kw name="Wait Until Page Contains Element" library="SeleniumLibrary">
<arg>//*[@class="dc-text closing-account-reasons__title"]</arg>
<arg>30</arg>
<doc>Waits until the element ``locator`` appears on the current page.</doc>
<status status="PASS" starttime="20220924 18:22:37.023" endtime="20220924 18:22:37.032"/>
</kw>
<status status="PASS" starttime="20220924 18:22:36.936" endtime="20220924 18:22:37.032"/>
</kw>
<status status="PASS" starttime="20220924 18:22:34.579" endtime="20220924 18:22:37.033"/>
</test>
<test id="s1-t4" name="Check Default State of Page 2" line="21">
<kw name="Check Inactive Checkboxes" library="resources">
<kw name="Wait Until Page Does Not Contain Element" library="SeleniumLibrary">
<arg>//*[@class="dc-icon dc-icon--active"]</arg>
<arg>30</arg>
<doc>Waits until the element ``locator`` disappears from the current page.</doc>
<status status="PASS" starttime="20220924 18:22:37.034" endtime="20220924 18:22:37.042"/>
</kw>
<kw name="Wait Until Page Contains Element" library="SeleniumLibrary">
<arg>//*[@disabled]</arg>
<arg>30</arg>
<doc>Waits until the element ``locator`` appears on the current page.</doc>
<status status="PASS" starttime="20220924 18:22:37.042" endtime="20220924 18:22:37.055"/>
</kw>
<status status="PASS" starttime="20220924 18:22:37.033" endtime="20220924 18:22:37.055"/>
</kw>
<kw name="Check Empty Textboxes" library="resources">
<kw name="Wait Until Page Contains Element" library="SeleniumLibrary">
<arg>${empty text boxes}</arg>
<arg>30</arg>
<doc>Waits until the element ``locator`` appears on the current page.</doc>
<status status="PASS" starttime="20220924 18:22:37.056" endtime="20220924 18:22:37.070"/>
</kw>
<kw name="Wait Until Page Contains Element" library="SeleniumLibrary">
<arg>//*[@class="dc-text closing-account-reasons__hint" and contains(.,'110')]</arg>
<arg>30</arg>
<doc>Waits until the element ``locator`` appears on the current page.</doc>
<status status="PASS" starttime="20220924 18:22:37.070" endtime="20220924 18:22:37.093"/>
</kw>
<status status="PASS" starttime="20220924 18:22:37.055" endtime="20220924 18:22:37.093"/>
</kw>
<status status="PASS" starttime="20220924 18:22:37.033" endtime="20220924 18:22:37.094"/>
</test>
<test id="s1-t5" name="Test Checkboxes" line="26">
<kw name="Click Checkbox" library="resources">
<arg>I have other financial priorities.</arg>
<kw name="Click Element" library="SeleniumLibrary">
<arg>//*[@class="dc-text dc-checkbox__label" and contains(.,'${reason}')]</arg>
<doc>Click the element identified by ``locator``.</doc>
<msg timestamp="20220924 18:22:37.096" level="INFO">Clicking element '//*[@class="dc-text dc-checkbox__label" and contains(.,'I have other financial priorities.')]'.</msg>
<status status="PASS" starttime="20220924 18:22:37.096" endtime="20220924 18:22:37.221"/>
</kw>
<kw name="Wait Until Page Contains Element" library="SeleniumLibrary">
<arg>//*[@class="dc-checkbox__box dc-checkbox__box--active"]</arg>
<arg>30</arg>
<doc>Waits until the element ``locator`` appears on the current page.</doc>
<status status="PASS" starttime="20220924 18:22:37.222" endtime="20220924 18:22:37.246"/>
</kw>
<kw name="Click Element" library="SeleniumLibrary">
<arg>//*[@class="dc-text dc-checkbox__label" and contains(.,'${reason}')]</arg>
<doc>Click the element identified by ``locator``.</doc>
<msg timestamp="20220924 18:22:37.246" level="INFO">Clicking element '//*[@class="dc-text dc-checkbox__label" and contains(.,'I have other financial priorities.')]'.</msg>
<status status="PASS" starttime="20220924 18:22:37.246" endtime="20220924 18:22:37.288"/>
</kw>
<kw name="Wait Until Page Does Not Contain Element" library="SeleniumLibrary">
<arg>//*[@class="dc-checkbox__box dc-checkbox__box--active"]</arg>
<arg>30</arg>
<doc>Waits until the element ``locator`` disappears from the current page.</doc>
<status status="PASS" starttime="20220924 18:22:37.288" endtime="20220924 18:22:37.293"/>
</kw>
<status status="PASS" starttime="20220924 18:22:37.095" endtime="20220924 18:22:37.293"/>
</kw>
<kw name="Click Checkbox" library="resources">
<arg>I want to stop myself from trading.</arg>
<kw name="Click Element" library="SeleniumLibrary">
<arg>//*[@class="dc-text dc-checkbox__label" and contains(.,'${reason}')]</arg>
<doc>Click the element identified by ``locator``.</doc>
<msg timestamp="20220924 18:22:37.294" level="INFO">Clicking element '//*[@class="dc-text dc-checkbox__label" and contains(.,'I want to stop myself from trading.')]'.</msg>
<status status="PASS" starttime="20220924 18:22:37.294" endtime="20220924 18:22:37.350"/>
</kw>
<kw name="Wait Until Page Contains Element" library="SeleniumLibrary">
<arg>//*[@class="dc-checkbox__box dc-checkbox__box--active"]</arg>
<arg>30</arg>
<doc>Waits until the element ``locator`` appears on the current page.</doc>
<status status="PASS" starttime="20220924 18:22:37.350" endtime="20220924 18:22:37.356"/>
</kw>
<kw name="Click Element" library="SeleniumLibrary">
<arg>//*[@class="dc-text dc-checkbox__label" and contains(.,'${reason}')]</arg>
<doc>Click the element identified by ``locator``.</doc>
<msg timestamp="20220924 18:22:37.357" level="INFO">Clicking element '//*[@class="dc-text dc-checkbox__label" and contains(.,'I want to stop myself from trading.')]'.</msg>
<status status="PASS" starttime="20220924 18:22:37.356" endtime="20220924 18:22:37.385"/>
</kw>
<kw name="Wait Until Page Does Not Contain Element" library="SeleniumLibrary">
<arg>//*[@class="dc-checkbox__box dc-checkbox__box--active"]</arg>
<arg>30</arg>
<doc>Waits until the element ``locator`` disappears from the current page.</doc>
<status status="PASS" starttime="20220924 18:22:37.385" endtime="20220924 18:22:37.393"/>
</kw>
<status status="PASS" starttime="20220924 18:22:37.294" endtime="20220924 18:22:37.393"/>
</kw>
<kw name="Click Checkbox" library="resources">
<arg>I’m no longer interested in trading.</arg>
<kw name="Click Element" library="SeleniumLibrary">
<arg>//*[@class="dc-text dc-checkbox__label" and contains(.,'${reason}')]</arg>
<doc>Click the element identified by ``locator``.</doc>
<msg timestamp="20220924 18:22:37.394" level="INFO">Clicking element '//*[@class="dc-text dc-checkbox__label" and contains(.,'I’m no longer interested in trading.')]'.</msg>
<status status="PASS" starttime="20220924 18:22:37.394" endtime="20220924 18:22:37.458"/>
</kw>
<kw name="Wait Until Page Contains Element" library="SeleniumLibrary">
<arg>//*[@class="dc-checkbox__box dc-checkbox__box--active"]</arg>
<arg>30</arg>
<doc>Waits until the element ``locator`` appears on the current page.</doc>
<status status="PASS" starttime="20220924 18:22:37.459" endtime="20220924 18:22:37.465"/>
</kw>
<kw name="Click Element" library="SeleniumLibrary">
<arg>//*[@class="dc-text dc-checkbox__label" and contains(.,'${reason}')]</arg>
<doc>Click the element identified by ``locator``.</doc>
<msg timestamp="20220924 18:22:37.465" level="INFO">Clicking element '//*[@class="dc-text dc-checkbox__label" and contains(.,'I’m no longer interested in trading.')]'.</msg>
<status status="PASS" starttime="20220924 18:22:37.465" endtime="20220924 18:22:37.491"/>
</kw>
<kw name="Wait Until Page Does Not Contain Element" library="SeleniumLibrary">
<arg>//*[@class="dc-checkbox__box dc-checkbox__box--active"]</arg>
<arg>30</arg>
<doc>Waits until the element ``locator`` disappears from the current page.</doc>
<status status="PASS" starttime="20220924 18:22:37.491" endtime="20220924 18:22:37.498"/>
</kw>
<status status="PASS" starttime="20220924 18:22:37.393" endtime="20220924 18:22:37.498"/>
</kw>
<kw name="Click Checkbox" library="resources">
<arg>I prefer another trading website.</arg>
<kw name="Click Element" library="SeleniumLibrary">
<arg>//*[@class="dc-text dc-checkbox__label" and contains(.,'${reason}')]</arg>
<doc>Click the element identified by ``locator``.</doc>
<msg timestamp="20220924 18:22:37.499" level="INFO">Clicking element '//*[@class="dc-text dc-checkbox__label" and contains(.,'I prefer another trading website.')]'.</msg>
<status status="PASS" starttime="20220924 18:22:37.498" endtime="20220924 18:22:37.578"/>
</kw>
<kw name="Wait Until Page Contains Element" library="SeleniumLibrary">
<arg>//*[@class="dc-checkbox__box dc-checkbox__box--active"]</arg>
<arg>30</arg>
<doc>Waits until the element ``locator`` appears on the current page.</doc>
<status status="PASS" starttime="20220924 18:22:37.578" endtime="20220924 18:22:37.584"/>
</kw>
<kw name="Click Element" library="SeleniumLibrary">
<arg>//*[@class="dc-text dc-checkbox__label" and contains(.,'${reason}')]</arg>
<doc>Click the element identified by ``locator``.</doc>
<msg timestamp="20220924 18:22:37.584" level="INFO">Clicking element '//*[@class="dc-text dc-checkbox__label" and contains(.,'I prefer another trading website.')]'.</msg>
<status status="PASS" starttime="20220924 18:22:37.584" endtime="20220924 18:22:37.610"/>
</kw>
<kw name="Wait Until Page Does Not Contain Element" library="SeleniumLibrary">
<arg>//*[@class="dc-checkbox__box dc-checkbox__box--active"]</arg>
<arg>30</arg>
<doc>Waits until the element ``locator`` disappears from the current page.</doc>
<status status="PASS" starttime="20220924 18:22:37.610" endtime="20220924 18:22:37.616"/>
</kw>
<status status="PASS" starttime="20220924 18:22:37.498" endtime="20220924 18:22:37.616"/>
</kw>
<kw name="Click Checkbox" library="resources">
<arg>The platforms aren’t user-friendly.</arg>
<kw name="Click Element" library="SeleniumLibrary">
<arg>//*[@class="dc-text dc-checkbox__label" and contains(.,'${reason}')]</arg>
<doc>Click the element identified by ``locator``.</doc>
<msg timestamp="20220924 18:22:37.616" level="INFO">Clicking element '//*[@class="dc-text dc-checkbox__label" and contains(.,'The platforms aren’t user-friendly.')]'.</msg>
<status status="PASS" starttime="20220924 18:22:37.616" endtime="20220924 18:22:37.665"/>
</kw>
<kw name="Wait Until Page Contains Element" library="SeleniumLibrary">
<arg>//*[@class="dc-checkbox__box dc-checkbox__box--active"]</arg>
<arg>30</arg>
<doc>Waits until the element ``locator`` appears on the current page.</doc>
<status status="PASS" starttime="20220924 18:22:37.665" endtime="20220924 18:22:37.670"/>
</kw>
<kw name="Click Element" library="SeleniumLibrary">
<arg>//*[@class="dc-text dc-checkbox__label" and contains(.,'${reason}')]</arg>
<doc>Click the element identified by ``locator``.</doc>
<msg timestamp="20220924 18:22:37.670" level="INFO">Clicking element '//*[@class="dc-text dc-checkbox__label" and contains(.,'The platforms aren’t user-friendly.')]'.</msg>
<status status="PASS" starttime="20220924 18:22:37.670" endtime="20220924 18:22:37.700"/>
</kw>
<kw name="Wait Until Page Does Not Contain Element" library="SeleniumLibrary">
<arg>//*[@class="dc-checkbox__box dc-checkbox__box--active"]</arg>
<arg>30</arg>
<doc>Waits until the element ``locator`` disappears from the current page.</doc>
<status status="PASS" starttime="20220924 18:22:37.700" endtime="20220924 18:22:37.708"/>
</kw>
<status status="PASS" starttime="20220924 18:22:37.616" endtime="20220924 18:22:37.708"/>
</kw>
<kw name="Click Checkbox" library="resources">
<arg>Making deposits and withdrawals is difficult.</arg>
<kw name="Click Element" library="SeleniumLibrary">
<arg>//*[@class="dc-text dc-checkbox__label" and contains(.,'${reason}')]</arg>
<doc>Click the element identified by ``locator``.</doc>
<msg timestamp="20220924 18:22:37.709" level="INFO">Clicking element '//*[@class="dc-text dc-checkbox__label" and contains(.,'Making deposits and withdrawals is difficult.')]'.</msg>
<status status="PASS" starttime="20220924 18:22:37.709" endtime="20220924 18:22:37.777"/>
</kw>
<kw name="Wait Until Page Contains Element" library="SeleniumLibrary">
<arg>//*[@class="dc-checkbox__box dc-checkbox__box--active"]</arg>
<arg>30</arg>
<doc>Waits until the element ``locator`` appears on the current page.</doc>
<status status="PASS" starttime="20220924 18:22:37.777" endtime="20220924 18:22:37.785"/>
</kw>
<kw name="Click Element" library="SeleniumLibrary">
<arg>//*[@class="dc-text dc-checkbox__label" and contains(.,'${reason}')]</arg>
<doc>Click the element identified by ``locator``.</doc>
<msg timestamp="20220924 18:22:37.785" level="INFO">Clicking element '//*[@class="dc-text dc-checkbox__label" and contains(.,'Making deposits and withdrawals is difficult.')]'.</msg>
<status status="PASS" starttime="20220924 18:22:37.785" endtime="20220924 18:22:37.872"/>
</kw>
<kw name="Wait Until Page Does Not Contain Element" library="SeleniumLibrary">
<arg>//*[@class="dc-checkbox__box dc-checkbox__box--active"]</arg>
<arg>30</arg>
<doc>Waits until the element ``locator`` disappears from the current page.</doc>
<status status="PASS" starttime="20220924 18:22:37.872" endtime="20220924 18:22:37.878"/>
</kw>
<status status="PASS" starttime="20220924 18:22:37.708" endtime="20220924 18:22:37.879"/>
</kw>
<kw name="Click Checkbox" library="resources">
<arg>The platforms lack key features or functionality.</arg>
<kw name="Click Element" library="SeleniumLibrary">
<arg>//*[@class="dc-text dc-checkbox__label" and contains(.,'${reason}')]</arg>
<doc>Click the element identified by ``locator``.</doc>
<msg timestamp="20220924 18:22:37.879" level="INFO">Clicking element '//*[@class="dc-text dc-checkbox__label" and contains(.,'The platforms lack key features or functionality.')]'.</msg>
<status status="PASS" starttime="20220924 18:22:37.879" endtime="20220924 18:22:37.940"/>
</kw>
<kw name="Wait Until Page Contains Element" library="SeleniumLibrary">
<arg>//*[@class="dc-checkbox__box dc-checkbox__box--active"]</arg>
<arg>30</arg>
<doc>Waits until the element ``locator`` appears on the current page.</doc>
<status status="PASS" starttime="20220924 18:22:37.941" endtime="20220924 18:22:37.947"/>
</kw>
<kw name="Click Element" library="SeleniumLibrary">
<arg>//*[@class="dc-text dc-checkbox__label" and contains(.,'${reason}')]</arg>
<doc>Click the element identified by ``locator``.</doc>
<msg timestamp="20220924 18:22:37.948" level="INFO">Clicking element '//*[@class="dc-text dc-checkbox__label" and contains(.,'The platforms lack key features or functionality.')]'.</msg>
<status status="PASS" starttime="20220924 18:22:37.947" endtime="20220924 18:22:37.968"/>
</kw>
<kw name="Wait Until Page Does Not Contain Element" library="SeleniumLibrary">
<arg>//*[@class="dc-checkbox__box dc-checkbox__box--active"]</arg>
<arg>30</arg>
<doc>Waits until the element ``locator`` disappears from the current page.</doc>
<status status="PASS" starttime="20220924 18:22:37.968" endtime="20220924 18:22:37.973"/>
</kw>
<status status="PASS" starttime="20220924 18:22:37.879" endtime="20220924 18:22:37.973"/>
</kw>
<kw name="Click Checkbox" library="resources">
<arg>Customer service was unsatisfactory.</arg>
<kw name="Click Element" library="SeleniumLibrary">
<arg>//*[@class="dc-text dc-checkbox__label" and contains(.,'${reason}')]</arg>
<doc>Click the element identified by ``locator``.</doc>
<msg timestamp="20220924 18:22:37.974" level="INFO">Clicking element '//*[@class="dc-text dc-checkbox__label" and contains(.,'Customer service was unsatisfactory.')]'.</msg>
<status status="PASS" starttime="20220924 18:22:37.973" endtime="20220924 18:22:38.018"/>
</kw>
<kw name="Wait Until Page Contains Element" library="SeleniumLibrary">
<arg>//*[@class="dc-checkbox__box dc-checkbox__box--active"]</arg>
<arg>30</arg>
<doc>Waits until the element ``locator`` appears on the current page.</doc>
<status status="PASS" starttime="20220924 18:22:38.018" endtime="20220924 18:22:38.026"/>
</kw>
<kw name="Click Element" library="SeleniumLibrary">
<arg>//*[@class="dc-text dc-checkbox__label" and contains(.,'${reason}')]</arg>
<doc>Click the element identified by ``locator``.</doc>
<msg timestamp="20220924 18:22:38.027" level="INFO">Clicking element '//*[@class="dc-text dc-checkbox__label" and contains(.,'Customer service was unsatisfactory.')]'.</msg>
<status status="PASS" starttime="20220924 18:22:38.027" endtime="20220924 18:22:38.056"/>
</kw>
<kw name="Wait Until Page Does Not Contain Element" library="SeleniumLibrary">
<arg>//*[@class="dc-checkbox__box dc-checkbox__box--active"]</arg>
<arg>30</arg>
<doc>Waits until the element ``locator`` disappears from the current page.</doc>
<status status="PASS" starttime="20220924 18:22:38.056" endtime="20220924 18:22:38.062"/>
</kw>
<status status="PASS" starttime="20220924 18:22:37.973" endtime="20220924 18:22:38.062"/>
</kw>
<kw name="Click Checkbox" library="resources">
<arg>I’m closing my account for other reasons.</arg>
<kw name="Click Element" library="SeleniumLibrary">
<arg>//*[@class="dc-text dc-checkbox__label" and contains(.,'${reason}')]</arg>
<doc>Click the element identified by ``locator``.</doc>
<msg timestamp="20220924 18:22:38.063" level="INFO">Clicking element '//*[@class="dc-text dc-checkbox__label" and contains(.,'I’m closing my account for other reasons.')]'.</msg>
<status status="PASS" starttime="20220924 18:22:38.063" endtime="20220924 18:22:38.126"/>
</kw>
<kw name="Wait Until Page Contains Element" library="SeleniumLibrary">
<arg>//*[@class="dc-checkbox__box dc-checkbox__box--active"]</arg>
<arg>30</arg>
<doc>Waits until the element ``locator`` appears on the current page.</doc>
<status status="PASS" starttime="20220924 18:22:38.126" endtime="20220924 18:22:38.132"/>
</kw>
<kw name="Click Element" library="SeleniumLibrary">
<arg>//*[@class="dc-text dc-checkbox__label" and contains(.,'${reason}')]</arg>
<doc>Click the element identified by ``locator``.</doc>
<msg timestamp="20220924 18:22:38.132" level="INFO">Clicking element '//*[@class="dc-text dc-checkbox__label" and contains(.,'I’m closing my account for other reasons.')]'.</msg>
<status status="PASS" starttime="20220924 18:22:38.132" endtime="20220924 18:22:38.160"/>
</kw>
<kw name="Wait Until Page Does Not Contain Element" library="SeleniumLibrary">
<arg>//*[@class="dc-checkbox__box dc-checkbox__box--active"]</arg>
<arg>30</arg>
<doc>Waits until the element ``locator`` disappears from the current page.</doc>
<status status="PASS" starttime="20220924 18:22:38.160" endtime="20220924 18:22:38.166"/>
</kw>
<status status="PASS" starttime="20220924 18:22:38.062" endtime="20220924 18:22:38.166"/>
</kw>
<kw name="Wait Until Page Contains Element" library="SeleniumLibrary">
<arg>//*[@class="dc-text closing-account-reasons__error"]</arg>
<arg>30</arg>
<doc>Waits until the element ``locator`` appears on the current page.</doc>
<status status="PASS" starttime="20220924 18:22:38.166" endtime="20220924 18:22:38.177"/>
</kw>
<status status="PASS" starttime="20220924 18:22:37.095" endtime="20220924 18:22:38.177"/>
</test>
<test id="s1-t6" name="Test Active &quot;Continue&quot; Button" line="38">
<kw name="Activate &quot;Continue&quot; Button" library="resources">
<kw name="Click Element" library="SeleniumLibrary">
<arg>//*[@class="dc-text dc-checkbox__label" and contains(.,'I have other financial priorities.')]</arg>
<doc>Click the element identified by ``locator``.</doc>
<msg timestamp="20220924 18:22:38.179" level="INFO">Clicking element '//*[@class="dc-text dc-checkbox__label" and contains(.,'I have other financial priorities.')]'.</msg>
<status status="PASS" starttime="20220924 18:22:38.179" endtime="20220924 18:22:38.219"/>
</kw>
<kw name="Wait Until Page Contains Element" library="SeleniumLibrary">
<arg>//*[@class="dc-checkbox__box dc-checkbox__box--active"]</arg>
<arg>30</arg>
<doc>Waits until the element ``locator`` appears on the current page.</doc>
<status status="PASS" starttime="20220924 18:22:38.219" endtime="20220924 18:22:38.231"/>
</kw>
<kw name="Wait Until Page Does Not Contain Element" library="SeleniumLibrary">
<arg>//*[@disabled]</arg>
<arg>30</arg>
<doc>Waits until the element ``locator`` disappears from the current page.</doc>
<status status="PASS" starttime="20220924 18:22:38.231" endtime="20220924 18:22:38.241"/>
</kw>
<status status="PASS" starttime="20220924 18:22:38.178" endtime="20220924 18:22:38.241"/>
</kw>
<status status="PASS" starttime="20220924 18:22:38.178" endtime="20220924 18:22:38.241"/>
</test>
<test id="s1-t7" name="Test Maximum Active Checkboxes" line="41">
<kw name="Maximum Active Checkboxes" library="resources">
<kw name="Wait Until Page Does Not Contain Element" library="SeleniumLibrary">
<arg>//*[@class="dc-checkbox__box dc-checkbox__box--disabled"]</arg>
<arg>30</arg>
<doc>Waits until the element ``locator`` disappears from the current page.</doc>
<status status="PASS" starttime="20220924 18:22:38.242" endtime="20220924 18:22:38.253"/>
</kw>
<kw name="Click Element" library="SeleniumLibrary">
<arg>//*[@class="dc-text dc-checkbox__label" and contains(.,'I want to stop myself from trading.')]</arg>
<doc>Click the element identified by ``locator``.</doc>
<msg timestamp="20220924 18:22:38.253" level="INFO">Clicking element '//*[@class="dc-text dc-checkbox__label" and contains(.,'I want to stop myself from trading.')]'.</msg>
<status status="PASS" starttime="20220924 18:22:38.253" endtime="20220924 18:22:38.293"/>
</kw>
<kw name="Click Element" library="SeleniumLibrary">
<arg>//*[@class="dc-text dc-checkbox__label" and contains(.,'I’m no longer interested in trading.')]</arg>
<doc>Click the element identified by ``locator``.</doc>
<msg timestamp="20220924 18:22:38.293" level="INFO">Clicking element '//*[@class="dc-text dc-checkbox__label" and contains(.,'I’m no longer interested in trading.')]'.</msg>
<status status="PASS" starttime="20220924 18:22:38.293" endtime="20220924 18:22:38.390"/>
</kw>
<kw name="Wait Until Page Contains Element" library="SeleniumLibrary">
<arg>//*[@class="dc-checkbox__box dc-checkbox__box--disabled"]</arg>
<arg>30</arg>
<doc>Waits until the element ``locator`` appears on the current page.</doc>
<status status="PASS" starttime="20220924 18:22:38.390" endtime="20220924 18:22:38.445"/>
</kw>
<status status="PASS" starttime="20220924 18:22:38.242" endtime="20220924 18:22:38.445"/>
</kw>
<status status="PASS" starttime="20220924 18:22:38.241" endtime="20220924 18:22:38.445"/>
</test>
<test id="s1-t8" name="Test Maximum Characters for Textboxes" line="44">
<kw name="Insert Into Textboxes" library="resources">
<kw name="Input Text" library="SeleniumLibrary">
<arg>${textbox 1}</arg>
<arg>test message test message test message test message test message</arg>
<doc>Types the given ``text`` into the text field identified by ``locator``.</doc>
<msg timestamp="20220924 18:22:38.447" level="INFO">Typing text 'test message test message test message test message test message' into text field '//*[@name="other_trading_platforms"]'.</msg>
<status status="PASS" starttime="20220924 18:22:38.447" endtime="20220924 18:22:38.909"/>
</kw>
<kw name="Input Text" library="SeleniumLibrary">
<arg>//*[@name="do_to_improve"]</arg>
<arg>test message test message test message test me</arg>
<doc>Types the given ``text`` into the text field identified by ``locator``.</doc>
<msg timestamp="20220924 18:22:38.910" level="INFO">Typing text 'test message test message test message test me' into text field '//*[@name="do_to_improve"]'.</msg>
<status status="PASS" starttime="20220924 18:22:38.909" endtime="20220924 18:22:39.301"/>
</kw>
<kw name="Wait Until Page Contains Element" library="SeleniumLibrary">
<arg>//*[@class="dc-text closing-account-reasons__hint" and contains(.,'Remaining characters: 0')]</arg>
<arg>30</arg>
<doc>Waits until the element ``locator`` appears on the current page.</doc>
<status status="PASS" starttime="20220924 18:22:39.301" endtime="20220924 18:22:39.319"/>
</kw>
<status status="PASS" starttime="20220924 18:22:38.446" endtime="20220924 18:22:39.319"/>
</kw>
<status status="PASS" starttime="20220924 18:22:38.446" endtime="20220924 18:22:39.320"/>
</test>
<test id="s1-t9" name="Test Remaining Characters Countdown" line="47">
<kw name="Countdown Remaining Characters" library="resources">
<kw name="Press Keys" library="SeleniumLibrary">
<arg>${textbox 1}</arg>
<arg>CTRL+A</arg>
<arg>BACKSPACE</arg>
<doc>Simulates the user pressing key(s) to an element or on the active browser.</doc>
<msg timestamp="20220924 18:22:39.322" level="INFO">Sending key(s) ('CTRL+A', 'BACKSPACE') to //*[@name="other_trading_platforms"] element.</msg>
<msg timestamp="20220924 18:22:42.285" level="INFO">Pressing special key CONTROL down.</msg>
<msg timestamp="20220924 18:22:42.285" level="INFO">Sending key A</msg>
<msg timestamp="20220924 18:22:42.285" level="INFO">Releasing special key CONTROL.</msg>
<msg timestamp="20220924 18:22:42.294" level="INFO">Pressing special key BACKSPACE to element.</msg>
<msg timestamp="20220924 18:22:42.294" level="INFO">Releasing special key BACKSPACE.</msg>
<status status="PASS" starttime="20220924 18:22:39.321" endtime="20220924 18:22:42.303"/>
</kw>
<kw name="Press Keys" library="SeleniumLibrary">
<arg>//*[@name="do_to_improve"]</arg>
<arg>CTRL+A</arg>
<arg>BACKSPACE</arg>
<doc>Simulates the user pressing key(s) to an element or on the active browser.</doc>
<msg timestamp="20220924 18:22:42.303" level="INFO">Sending key(s) ('CTRL+A', 'BACKSPACE') to //*[@name="do_to_improve"] element.</msg>
<msg timestamp="20220924 18:22:47.575" level="INFO">Pressing special key CONTROL down.</msg>
<msg timestamp="20220924 18:22:47.575" level="INFO">Sending key A</msg>
<msg timestamp="20220924 18:22:47.576" level="INFO">Releasing special key CONTROL.</msg>
<msg timestamp="20220924 18:22:47.581" level="INFO">Pressing special key BACKSPACE to element.</msg>
<msg timestamp="20220924 18:22:47.581" level="INFO">Releasing special key BACKSPACE.</msg>
<status status="PASS" starttime="20220924 18:22:42.303" endtime="20220924 18:22:47.595"/>
</kw>
<kw name="Wait Until Page Contains Element" library="SeleniumLibrary">
<arg>//*[@class="dc-text closing-account-reasons__hint" and contains(.,'Remaining characters: 110')]</arg>
<arg>30</arg>
<doc>Waits until the element ``locator`` appears on the current page.</doc>
<status status="PASS" starttime="20220924 18:22:47.596" endtime="20220924 18:22:47.605"/>
</kw>
<kw name="Input Text" library="SeleniumLibrary">
<arg>${textbox 1}</arg>
<arg>T</arg>
<doc>Types the given ``text`` into the text field identified by ``locator``.</doc>
<msg timestamp="20220924 18:22:47.605" level="INFO">Typing text 'T' into text field '//*[@name="other_trading_platforms"]'.</msg>
<status status="PASS" starttime="20220924 18:22:47.605" endtime="20220924 18:22:47.656"/>
</kw>
<kw name="Wait Until Page Contains Element" library="SeleniumLibrary">
<arg>//*[@class="dc-text closing-account-reasons__hint" and contains(.,'Remaining characters: 109')]</arg>
<arg>30</arg>
<doc>Waits until the element ``locator`` appears on the current page.</doc>
<status status="PASS" starttime="20220924 18:22:47.657" endtime="20220924 18:22:47.667"/>
</kw>
<kw name="Input Text" library="SeleniumLibrary">
<arg>${textbox 1}</arg>
<arg>E</arg>
<doc>Types the given ``text`` into the text field identified by ``locator``.</doc>
<msg timestamp="20220924 18:22:47.668" level="INFO">Typing text 'E' into text field '//*[@name="other_trading_platforms"]'.</msg>
<status status="PASS" starttime="20220924 18:22:47.667" endtime="20220924 18:22:47.709"/>
</kw>
<kw name="Wait Until Page Contains Element" library="SeleniumLibrary">
<arg>//*[@class="dc-text closing-account-reasons__hint" and contains(.,'Remaining characters: 108')]</arg>
<arg>30</arg>
<doc>Waits until the element ``locator`` appears on the current page.</doc>
<status status="PASS" starttime="20220924 18:22:47.710" endtime="20220924 18:22:47.719"/>
</kw>
<kw name="Input Text" library="SeleniumLibrary">
<arg>${textbox 1}</arg>
<arg>S</arg>
<doc>Types the given ``text`` into the text field identified by ``locator``.</doc>
<msg timestamp="20220924 18:22:47.719" level="INFO">Typing text 'S' into text field '//*[@name="other_trading_platforms"]'.</msg>
<status status="PASS" starttime="20220924 18:22:47.719" endtime="20220924 18:22:47.768"/>
</kw>
<kw name="Wait Until Page Contains Element" library="SeleniumLibrary">
<arg>//*[@class="dc-text closing-account-reasons__hint" and contains(.,'Remaining characters: 107')]</arg>
<arg>30</arg>
<doc>Waits until the element ``locator`` appears on the current page.</doc>
<status status="PASS" starttime="20220924 18:22:47.769" endtime="20220924 18:22:47.777"/>
</kw>
<kw name="Input Text" library="SeleniumLibrary">
<arg>${textbox 1}</arg>
<arg>T</arg>
<doc>Types the given ``text`` into the text field identified by ``locator``.</doc>
<msg timestamp="20220924 18:22:47.778" level="INFO">Typing text 'T' into text field '//*[@name="other_trading_platforms"]'.</msg>
<status status="PASS" starttime="20220924 18:22:47.778" endtime="20220924 18:22:47.823"/>
</kw>
<kw name="Wait Until Page Contains Element" library="SeleniumLibrary">
<arg>//*[@class="dc-text closing-account-reasons__hint" and contains(.,'Remaining characters: 106')]</arg>
<arg>30</arg>
<doc>Waits until the element ``locator`` appears on the current page.</doc>
<status status="PASS" starttime="20220924 18:22:47.823" endtime="20220924 18:22:47.832"/>
</kw>
<status status="PASS" starttime="20220924 18:22:39.321" endtime="20220924 18:22:47.832"/>
</kw>
<status status="PASS" starttime="20220924 18:22:39.320" endtime="20220924 18:22:47.832"/>
</test>
<test id="s1-t10" name="Test Back Button" line="51">
<kw name="Click Back Button" library="resources">
<kw name="Click Element" library="SeleniumLibrary">
<arg>//*[@class="dc-btn dc-btn__effect dc-btn--secondary dc-btn__large"]</arg>
<doc>Click the element identified by ``locator``.</doc>
<msg timestamp="20220924 18:22:47.833" level="INFO">Clicking element '//*[@class="dc-btn dc-btn__effect dc-btn--secondary dc-btn__large"]'.</msg>
<status status="PASS" starttime="20220924 18:22:47.833" endtime="20220924 18:22:47.941"/>
</kw>
<kw name="Wait Until Page Contains Element" library="SeleniumLibrary">
<arg>//*[@class="dc-text closing-account__title"]</arg>
<arg>30</arg>
<doc>Waits until the element ``locator`` appears on the current page.</doc>
<status status="PASS" starttime="20220924 18:22:47.942" endtime="20220924 18:22:47.954"/>
</kw>
<status status="PASS" starttime="20220924 18:22:47.833" endtime="20220924 18:22:47.954"/>
</kw>
<status status="PASS" starttime="20220924 18:22:47.832" endtime="20220924 18:22:47.954"/>
</test>
<test id="s1-t11" name="Test X Button" line="54">
<kw name="Click X Button" library="resources">
<kw name="Click Element" library="SeleniumLibrary">
<arg>//*[@class="dc-page-overlay__header-close"]</arg>
<doc>Click the element identified by ``locator``.</doc>
<msg timestamp="20220924 18:22:47.956" level="INFO">Clicking element '//*[@class="dc-page-overlay__header-close"]'.</msg>
<status status="PASS" starttime="20220924 18:22:47.955" endtime="20220924 18:22:48.102"/>
</kw>
<kw name="Wait Until Page Contains Element" library="SeleniumLibrary">
<arg>${rise button}</arg>
<arg>30</arg>
<doc>Waits until the element ``locator`` appears on the current page.</doc>
<status status="PASS" starttime="20220924 18:22:48.102" endtime="20220924 18:22:49.717"/>
</kw>
<status status="PASS" starttime="20220924 18:22:47.955" endtime="20220924 18:22:49.717"/>
</kw>
<status status="PASS" starttime="20220924 18:22:47.955" endtime="20220924 18:22:49.717"/>
</test>
<test id="s1-t12" name="Test &quot;Continue&quot; Button and Pop-up" line="58">
<kw name="Navigate to Close Account Page" library="resources">
<kw name="Click Element" library="SeleniumLibrary">
<arg>//*[@class="account-settings-toggle"]</arg>
<doc>Click the element identified by ``locator``.</doc>
<msg timestamp="20220924 18:22:49.719" level="INFO">Clicking element '//*[@class="account-settings-toggle"]'.</msg>
<status status="PASS" starttime="20220924 18:22:49.719" endtime="20220924 18:22:49.906"/>
</kw>
<kw name="Wait Until Page Contains Element" library="SeleniumLibrary">
<arg>/account/closing-account</arg>
<arg>30</arg>
<doc>Waits until the element ``locator`` appears on the current page.</doc>
<status status="PASS" starttime="20220924 18:22:49.907" endtime="20220924 18:22:49.949"/>
</kw>
<kw name="Click Element" library="SeleniumLibrary">
<arg>/account/closing-account</arg>
<doc>Click the element identified by ``locator``.</doc>
<msg timestamp="20220924 18:22:49.949" level="INFO">Clicking element '/account/closing-account'.</msg>
<status status="PASS" starttime="20220924 18:22:49.949" endtime="20220924 18:22:50.042"/>
</kw>
<kw name="Wait Until Page Contains Element" library="SeleniumLibrary">
<arg>//*[@class="dc-text closing-account__title"]</arg>
<arg>30</arg>
<doc>Waits until the element ``locator`` appears on the current page.</doc>
<status status="PASS" starttime="20220924 18:22:50.042" endtime="20220924 18:22:50.048"/>
</kw>
<status status="PASS" starttime="20220924 18:22:49.719" endtime="20220924 18:22:50.048"/>
</kw>
<kw name="Click &quot;Close my account&quot; Button" library="resources">
<kw name="Click Element" library="SeleniumLibrary">
<arg>//*[@class="dc-btn dc-btn--primary dc-btn__large closing-account__button--close-account"]</arg>
<doc>Click the element identified by ``locator``.</doc>
<msg timestamp="20220924 18:22:50.049" level="INFO">Clicking element '//*[@class="dc-btn dc-btn--primary dc-btn__large closing-account__button--close-account"]'.</msg>
<status status="PASS" starttime="20220924 18:22:50.049" endtime="20220924 18:22:50.104"/>
</kw>
<kw name="Wait Until Page Contains Element" library="SeleniumLibrary">
<arg>//*[@class="dc-text closing-account-reasons__title"]</arg>
<arg>30</arg>
<doc>Waits until the element ``locator`` appears on the current page.</doc>
<status status="PASS" starttime="20220924 18:22:50.104" endtime="20220924 18:22:50.113"/>
</kw>
<status status="PASS" starttime="20220924 18:22:50.048" endtime="20220924 18:22:50.113"/>
</kw>
<kw name="Click Element" library="SeleniumLibrary">
<arg>//*[@class="dc-text dc-checkbox__label" and contains(.,'I have other financial priorities.')]</arg>
<doc>Click the element identified by ``locator``.</doc>
<msg timestamp="20220924 18:22:50.113" level="INFO">Clicking element '//*[@class="dc-text dc-checkbox__label" and contains(.,'I have other financial priorities.')]'.</msg>
<status status="PASS" starttime="20220924 18:22:50.113" endtime="20220924 18:22:50.169"/>
</kw>
<kw name="Wait Until Page Contains Element" library="SeleniumLibrary">
<arg>//*[@class="dc-checkbox__box dc-checkbox__box--active"]</arg>
<arg>30</arg>
<doc>Waits until the element ``locator`` appears on the current page.</doc>
<status status="PASS" starttime="20220924 18:22:50.169" endtime="20220924 18:22:50.189"/>
</kw>
<kw name="Click &quot;Continue&quot; Button" library="resources">
<kw name="Click Element" library="SeleniumLibrary">
<arg>//*[@class="dc-btn dc-btn__effect dc-btn--primary dc-btn__large"]</arg>
<doc>Click the element identified by ``locator``.</doc>
<msg timestamp="20220924 18:22:50.190" level="INFO">Clicking element '//*[@class="dc-btn dc-btn__effect dc-btn--primary dc-btn__large"]'.</msg>
<status status="PASS" starttime="20220924 18:22:50.190" endtime="20220924 18:22:50.267"/>
</kw>
<kw name="Wait Until Page Contains Element" library="SeleniumLibrary">
<arg>//*[@class="account-closure-warning-modal"]</arg>
<arg>30</arg>
<doc>Waits until the element ``locator`` appears on the current page.</doc>
<status status="PASS" starttime="20220924 18:22:50.268" endtime="20220924 18:22:50.279"/>
</kw>
<status status="PASS" starttime="20220924 18:22:50.189" endtime="20220924 18:22:50.280"/>
</kw>
<kw name="Close Pop-up" library="resources">
<kw name="Wait Until Page Contains Element" library="SeleniumLibrary">
<arg>//*[@class="dc-text dc-btn__text" and contains(.,'Go Back')]</arg>
<arg>30</arg>
<doc>Waits until the element ``locator`` appears on the current page.</doc>
<status status="PASS" starttime="20220924 18:22:50.280" endtime="20220924 18:22:50.298"/>
</kw>
<kw name="Click Element At Coordinates" library="SeleniumLibrary">
<arg>//*[@class="dc-text dc-btn__text" and contains(.,'Go Back')]</arg>
<arg>${734}</arg>
<arg>${542}</arg>
<doc>Click the element ``locator`` at ``xoffset/yoffset``.</doc>
<msg timestamp="20220924 18:22:50.300" level="INFO">Clicking element '//*[@class="dc-text dc-btn__text" and contains(.,'Go Back')]' at coordinates x=734, y=542.</msg>
<msg timestamp="20220924 18:22:53.650" level="INFO" html="true">&lt;/td&gt;&lt;/tr&gt;&lt;tr&gt;&lt;td colspan="3"&gt;&lt;a href="selenium-screenshot-58.png"&gt;&lt;img src="selenium-screenshot-58.png" width="800px"&gt;&lt;/a&gt;</msg>
<msg timestamp="20220924 18:22:53.651" level="FAIL">MoveTargetOutOfBoundsException: Message: move target out of bounds
  (Session info: chrome=104.0.5112.101)
Stacktrace:
#0 0x557ce72c1403 &lt;unknown&gt;
#1 0x557ce70c764b &lt;unknown&gt;
#2 0x557ce7138d8b &lt;unknown&gt;
#3 0x557ce711ca02 &lt;unknown&gt;
#4 0x557ce712fc74 &lt;unknown&gt;
#5 0x557ce711c8f3 &lt;unknown&gt;
#6 0x557ce70f20d8 &lt;unknown&gt;
#7 0x557ce70f3205 &lt;unknown&gt;
#8 0x557ce7308e3d &lt;unknown&gt;
#9 0x557ce730bdb6 &lt;unknown&gt;
#10 0x557ce72f213e &lt;unknown&gt;
#11 0x557ce730c9b5 &lt;unknown&gt;
#12 0x557ce72e6970 &lt;unknown&gt;
#13 0x557ce7329228 &lt;unknown&gt;
#14 0x557ce73293bf &lt;unknown&gt;
#15 0x557ce7343abe &lt;unknown&gt;
#16 0x7fde8e946609 &lt;unknown&gt;
</msg>
<status status="FAIL" starttime="20220924 18:22:50.298" endtime="20220924 18:22:53.653"/>
</kw>
<kw name="Wait Until Page Does Not Contain Element" library="SeleniumLibrary">
<arg>//*[@class="account-closure-warning-modal"]</arg>
<arg>30</arg>
<doc>Waits until the element ``locator`` disappears from the current page.</doc>
<status status="NOT RUN" starttime="20220924 18:22:53.654" endtime="20220924 18:22:53.654"/>
</kw>
<status status="FAIL" starttime="20220924 18:22:50.280" endtime="20220924 18:22:53.654"/>
</kw>
<status status="FAIL" starttime="20220924 18:22:49.718" endtime="20220924 18:22:53.655">MoveTargetOutOfBoundsException: Message: move target out of bounds
  (Session info: chrome=104.0.5112.101)
Stacktrace:
#0 0x557ce72c1403 &lt;unknown&gt;
#1 0x557ce70c764b &lt;unknown&gt;
#2 0x557ce7138d8b &lt;unknown&gt;
#3 0x557ce711ca02 &lt;unknown&gt;
#4 0x557ce712fc74 &lt;unknown&gt;
#5 0x557ce711c8f3 &lt;unknown&gt;
#6 0x557ce70f20d8 &lt;unknown&gt;
#7 0x557ce70f3205 &lt;unknown&gt;
#8 0x557ce7308e3d &lt;unknown&gt;
#9 0x557ce730bdb6 &lt;unknown&gt;
#10 0x557ce72f213e &lt;unknown&gt;
#11 0x557ce730c9b5 &lt;unknown&gt;
#12 0x557ce72e6970 &lt;unknown&gt;
#13 0x557ce7329228 &lt;unknown&gt;
#14 0x557ce73293bf &lt;unknown&gt;
#15 0x557ce7343abe &lt;unknown&gt;
#16 0x7fde8e946609 &lt;unknown&gt;
</status>
</test>
<test id="s1-t13" name="Close Account" line="66">
<kw name="Click &quot;Close Account&quot; Button" library="resources">
<kw name="Click Element" library="SeleniumLibrary">
<arg>//*[@class="dc-text dc-btn__text" and contains(.,'Close account')]</arg>
<doc>Click the element identified by ``locator``.</doc>
<msg timestamp="20220924 18:22:53.656" level="INFO">Clicking element '//*[@class="dc-text dc-btn__text" and contains(.,'Close account')]'.</msg>
<msg timestamp="20220924 18:22:55.009" level="INFO" html="true">&lt;/td&gt;&lt;/tr&gt;&lt;tr&gt;&lt;td colspan="3"&gt;&lt;a href="selenium-screenshot-59.png"&gt;&lt;img src="selenium-screenshot-59.png" width="800px"&gt;&lt;/a&gt;</msg>
<msg timestamp="20220924 18:22:55.010" level="FAIL">ElementClickInterceptedException: Message: element click intercepted: Element &lt;span class="dc-text dc-btn__text" style="--text-size:var(--text-size-xs); --text-color:var(--text-general); --text-lh:var(--text-lh-m); --text-weight:var(--text-weight-bold); --text-align:var(--text-align-center);"&gt;...&lt;/span&gt; is not clickable at point (853, 492). Other element would receive the click: &lt;button class="dc-btn dc-btn__effect dc-btn--primary dc-btn__large" tabindex="0" type="submit"&gt;...&lt;/button&gt;
  (Session info: chrome=104.0.5112.101)
Stacktrace:
#0 0x557ce72c1403 &lt;unknown&gt;
#1 0x557ce70c7778 &lt;unknown&gt;
#2 0x557ce7106355 &lt;unknown&gt;
#3 0x557ce7103ee2 &lt;unknown&gt;
#4 0x557ce7101584 &lt;unknown&gt;
#5 0x557ce71001f5 &lt;unknown&gt;
#6 0x557ce70f3e49 &lt;unknown&gt;
#7 0x557ce711ca02 &lt;unknown&gt;
#8 0x557ce70f3703 &lt;unknown&gt;
#9 0x557ce711cb0e &lt;unknown&gt;
#10 0x557ce712fc74 &lt;unknown&gt;
#11 0x557ce711c8f3 &lt;unknown&gt;
#12 0x557ce70f20d8 &lt;unknown&gt;
#13 0x557ce70f3205 &lt;unknown&gt;
#14 0x557ce7308e3d &lt;unknown&gt;
#15 0x557ce730bdb6 &lt;unknown&gt;
#16 0x557ce72f213e &lt;unknown&gt;
#17 0x557ce730c9b5 &lt;unknown&gt;
#18 0x557ce72e6970 &lt;unknown&gt;
#19 0x557ce7329228 &lt;unknown&gt;
#20 0x557ce73293bf &lt;unknown&gt;
#21 0x557ce7343abe &lt;unknown&gt;
#22 0x7fde8e946609 &lt;unknown&gt;
</msg>
<status status="FAIL" starttime="20220924 18:22:53.656" endtime="20220924 18:22:55.011"/>
</kw>
<kw name="Wait Until Page Contains Element" library="SeleniumLibrary">
<arg>//*[@class="dc-text account-closed"]</arg>
<arg>30</arg>
<doc>Waits until the element ``locator`` appears on the current page.</doc>
<status status="NOT RUN" starttime="20220924 18:22:55.011" endtime="20220924 18:22:55.011"/>
</kw>
<status status="FAIL" starttime="20220924 18:22:53.656" endtime="20220924 18:22:55.012"/>
</kw>
<status status="FAIL" starttime="20220924 18:22:53.655" endtime="20220924 18:22:55.016">ElementClickInterceptedException: Message: element click intercepted: Element &lt;span class="dc-text dc-btn__text" style="--text-size:var(--text-size-xs); --text-color:var(--text-general); --text-lh:var(--text-lh-m); --text-weight:var(--text-weight-bold); --text-align:var(--text-align-center);"&gt;...&lt;/span&gt; is not clickable at point (853, 492). Other element would receive the click: &lt;button class="dc-btn dc-btn__effect dc-btn--primary dc-btn__large" tabindex="0" type="submit"&gt;...&lt;/button&gt;
  (Session info: chrome=104.0.5112.101)
Stacktrace:
#0 0x557ce72c1403 &lt;unknown&gt;
#1 0x557ce70c7778 &lt;unknown&gt;
#2 0x557ce7106355 &lt;unknown&gt;
#3 0x557ce7103ee2 &lt;unknown&gt;
#4 0x557ce7101584 &lt;unknown&gt;
#5 0x557ce71001f5 &lt;unknown&gt;
#6 0x557ce70f3e49 &lt;unknown&gt;
#7 0x557ce711ca02 &lt;unknown&gt;
#8 0x557ce70f3703 &lt;unknown&gt;
#9 0x557ce711cb0e &lt;unknown&gt;
#10 0x557ce712fc74 &lt;unknown&gt;
#11 0x557ce711c8f3 &lt;unknown&gt;
#12 0x557ce70f20d8 &lt;unknown&gt;
#13 0x557ce70f3205 &lt;unknown&gt;
#14 0x557ce7308e3d &lt;unknown&gt;
#15 0x557ce730bdb6 &lt;unknown&gt;
#16 0x557ce72f213e &lt;unknown&gt;
#17 0x557ce730c9b5 &lt;unknown&gt;
#18 0x557ce72e6970 &lt;unknown&gt;
#19 0x557ce7329228 &lt;unknown&gt;
#20 0x557ce73293bf &lt;unknown&gt;
#21 0x557ce7343abe &lt;unknown&gt;
#22 0x7fde8e946609 &lt;unknown&gt;
</status>
</test>
<test id="s1-t14" name="Test Account Reactivation" line="69">
<kw name="Reactivate Account" library="resources">
<kw name="Wait Until Page Contains Element" library="SeleniumLibrary">
<arg>dm-nav-login-button</arg>
<arg>30</arg>
<doc>Waits until the element ``locator`` appears on the current page.</doc>
<msg timestamp="20220924 18:22:59.630" level="WARN">Keyword 'Capture Page Screenshot' could not be run on failure: Message: chrome not reachable
  (Session info: chrome=104.0.5112.101)
Stacktrace:
#0 0x557ce72c1403 &lt;unknown&gt;
#1 0x557ce70c764b &lt;unknown&gt;
#2 0x557ce70b7d24 &lt;unknown&gt;
#3 0x557ce70a8e2e &lt;unknown&gt;
#4 0x557ce70ad962 &lt;unknown&gt;
#5 0x557ce70b2946 &lt;unknown&gt;
#6 0x557ce70c8b72 &lt;unknown&gt;
#7 0x557ce712f2f1 &lt;unknown&gt;
#8 0x557ce711c8f3 &lt;unknown&gt;
#9 0x557ce70f20d8 &lt;unknown&gt;
#10 0x557ce70f3205 &lt;unknown&gt;
#11 0x557ce7308e3d &lt;unknown&gt;
#12 0x557ce730bdb6 &lt;unknown&gt;
#13 0x557ce72f213e &lt;unknown&gt;
#14 0x557ce730c9b5 &lt;unknown&gt;
#15 0x557ce72e6970 &lt;unknown&gt;
#16 0x557ce7329228 &lt;unknown&gt;
#17 0x557ce73293bf &lt;unknown&gt;
#18 0x557ce7343abe &lt;unknown&gt;
#19 0x7fde8e946609 &lt;unknown&gt;
</msg>
<msg timestamp="20220924 18:22:59.631" level="FAIL">WebDriverException: Message: chrome not reachable
  (Session info: chrome=104.0.5112.101)
Stacktrace:
#0 0x557ce72c1403 &lt;unknown&gt;
#1 0x557ce70c764b &lt;unknown&gt;
#2 0x557ce70b7d24 &lt;unknown&gt;
#3 0x557ce70a8e2e &lt;unknown&gt;
#4 0x557ce70ad962 &lt;unknown&gt;
#5 0x557ce70b2946 &lt;unknown&gt;
#6 0x557ce70c8b72 &lt;unknown&gt;
#7 0x557ce712f2f1 &lt;unknown&gt;
#8 0x557ce711c8f3 &lt;unknown&gt;
#9 0x557ce70f20d8 &lt;unknown&gt;
#10 0x557ce70f3205 &lt;unknown&gt;
#11 0x557ce7308e3d &lt;unknown&gt;
#12 0x557ce730bdb6 &lt;unknown&gt;
#13 0x557ce72f213e &lt;unknown&gt;
#14 0x557ce730c9b5 &lt;unknown&gt;
#15 0x557ce72e6970 &lt;unknown&gt;
#16 0x557ce7329228 &lt;unknown&gt;
#17 0x557ce73293bf &lt;unknown&gt;
#18 0x557ce7343abe &lt;unknown&gt;
#19 0x7fde8e946609 &lt;unknown&gt;
</msg>
<status status="FAIL" starttime="20220924 18:22:55.026" endtime="20220924 18:22:59.632"/>
</kw>
<kw name="Click Element" library="SeleniumLibrary">
<arg>dm-nav-login-button</arg>
<doc>Click the element identified by ``locator``.</doc>
<status status="NOT RUN" starttime="20220924 18:22:59.633" endtime="20220924 18:22:59.633"/>
</kw>
<kw name="Input Text" library="SeleniumLibrary">
<arg>${email field}</arg>
<arg>si.yu@besquare.com.my</arg>
<doc>Types the given ``text`` into the text field identified by ``locator``.</doc>
<status status="NOT RUN" starttime="20220924 18:22:59.633" endtime="20220924 18:22:59.633"/>
</kw>
<kw name="Input Text" library="SeleniumLibrary">
<arg>//input[@type='password']</arg>
<arg>DerivPassWord123</arg>
<doc>Types the given ``text`` into the text field identified by ``locator``.</doc>
<status status="NOT RUN" starttime="20220924 18:22:59.633" endtime="20220924 18:22:59.633"/>
</kw>
<kw name="Click Element" library="SeleniumLibrary">
<arg>//button[@type='submit']</arg>
<doc>Click the element identified by ``locator``.</doc>
<status status="NOT RUN" starttime="20220924 18:22:59.633" endtime="20220924 18:22:59.633"/>
</kw>
<kw name="Wait Until Page Contains Element" library="SeleniumLibrary">
<arg>//*[@class="reactivate-title"]</arg>
<arg>30</arg>
<doc>Waits until the element ``locator`` appears on the current page.</doc>
<status status="NOT RUN" starttime="20220924 18:22:59.633" endtime="20220924 18:22:59.633"/>
</kw>
<kw name="Click Element" library="SeleniumLibrary">
<arg>btnGrant</arg>
<doc>Click the element identified by ``locator``.</doc>
<status status="NOT RUN" starttime="20220924 18:22:59.633" endtime="20220924 18:22:59.633"/>
</kw>
<kw name="Wait Until Page Contains Element" library="SeleniumLibrary">
<arg>${rise button}</arg>
<arg>30</arg>
<doc>Waits until the element ``locator`` appears on the current page.</doc>
<status status="NOT RUN" starttime="20220924 18:22:59.633" endtime="20220924 18:22:59.633"/>
</kw>
<status status="FAIL" starttime="20220924 18:22:55.025" endtime="20220924 18:22:59.634"/>
</kw>
<status status="FAIL" starttime="20220924 18:22:55.021" endtime="20220924 18:22:59.634">WebDriverException: Message: chrome not reachable
  (Session info: chrome=104.0.5112.101)
Stacktrace:
#0 0x557ce72c1403 &lt;unknown&gt;
#1 0x557ce70c764b &lt;unknown&gt;
#2 0x557ce70b7d24 &lt;unknown&gt;
#3 0x557ce70a8e2e &lt;unknown&gt;
#4 0x557ce70ad962 &lt;unknown&gt;
#5 0x557ce70b2946 &lt;unknown&gt;
#6 0x557ce70c8b72 &lt;unknown&gt;
#7 0x557ce712f2f1 &lt;unknown&gt;
#8 0x557ce711c8f3 &lt;unknown&gt;
#9 0x557ce70f20d8 &lt;unknown&gt;
#10 0x557ce70f3205 &lt;unknown&gt;
#11 0x557ce7308e3d &lt;unknown&gt;
#12 0x557ce730bdb6 &lt;unknown&gt;
#13 0x557ce72f213e &lt;unknown&gt;
#14 0x557ce730c9b5 &lt;unknown&gt;
#15 0x557ce72e6970 &lt;unknown&gt;
#16 0x557ce7329228 &lt;unknown&gt;
#17 0x557ce73293bf &lt;unknown&gt;
#18 0x557ce7343abe &lt;unknown&gt;
#19 0x7fde8e946609 &lt;unknown&gt;
</status>
</test>
<status status="FAIL" starttime="20220924 18:22:19.469" endtime="20220924 18:22:59.635"/>
</suite>
<statistics>
<total>
<stat pass="11" fail="3" skip="0">All Tests</stat>
</total>
<tag>
</tag>
<suite>
<stat pass="11" fail="3" skip="0" id="s1" name="Close">Close</stat>
</suite>
</statistics>
<errors>
<msg timestamp="20220924 18:22:59.630" level="WARN">Keyword 'Capture Page Screenshot' could not be run on failure: Message: chrome not reachable
  (Session info: chrome=104.0.5112.101)
Stacktrace:
#0 0x557ce72c1403 &lt;unknown&gt;
#1 0x557ce70c764b &lt;unknown&gt;
#2 0x557ce70b7d24 &lt;unknown&gt;
#3 0x557ce70a8e2e &lt;unknown&gt;
#4 0x557ce70ad962 &lt;unknown&gt;
#5 0x557ce70b2946 &lt;unknown&gt;
#6 0x557ce70c8b72 &lt;unknown&gt;
#7 0x557ce712f2f1 &lt;unknown&gt;
#8 0x557ce711c8f3 &lt;unknown&gt;
#9 0x557ce70f20d8 &lt;unknown&gt;
#10 0x557ce70f3205 &lt;unknown&gt;
#11 0x557ce7308e3d &lt;unknown&gt;
#12 0x557ce730bdb6 &lt;unknown&gt;
#13 0x557ce72f213e &lt;unknown&gt;
#14 0x557ce730c9b5 &lt;unknown&gt;
#15 0x557ce72e6970 &lt;unknown&gt;
#16 0x557ce7329228 &lt;unknown&gt;
#17 0x557ce73293bf &lt;unknown&gt;
#18 0x557ce7343abe &lt;unknown&gt;
#19 0x7fde8e946609 &lt;unknown&gt;
</msg>
</errors>
</robot>
